
==============================================

!Wed Nov 23 12:03:42 UTC 2022

Successfully added file AceTlogProcessorApp\AceTlogReceiver.msgflow to BAR file.

Successfully added file AceTlogProcessorApp\AceTlogProcessorService.msgflow to BAR file.

Successfully added file AceTlogProcessorApp\AceTlogProcessor.msgflow to BAR file.

Successfully added file AceTlogProcessorApp\AceRawTlogParse.subflow to BAR file.

Successfully added file AceTlogProcessorApp\AceRawTlogParse_ProcessRawTlogSet.esql to BAR file.

Successfully added file AceTlogProcessorApp\AceTlogDFDLParse.subflow to BAR file.

Successfully added file AceTlogProcessorApp\AceTlogDFDLParse_Failed.esql to BAR file.

Successfully added file AceTlogProcessorApp\AceTlogDFDLParse_Failed.esql to BAR file.

Successfully added file AceTlogProcessorApp\AceTlogDFDLParse_Failed.esql to BAR file.

Successfully added file AceTlogProcessorApp\AceTlogDFDLParse_Failed.esql to BAR file.

Successfully added file AceTlogProcessorApp\AceTlogDFDLParse_Failed.esql to BAR file.

Successfully added file AceTlogProcessorApp\AceTlogDFDLParse_Failed.esql to BAR file.

Successfully added file AceTlogProcessorApp\AceTlogDFDLParse_Failed.esql to BAR file.

Successfully added file AceTlogProcessorApp\AceTlogDFDLParse_Success.esql to BAR file.

Successfully added file AceTlogProcessorApp\AceTlogDFDLParse_Success.esql to BAR file.

Successfully added file AceTlogProcessorApp\AceTlogDFDLParse_Success.esql to BAR file.

Successfully added file AceTlogProcessorApp\AceTlogDFDLParse_Success.esql to BAR file.

Successfully added file AceTlogProcessorApp\AceTlogDFDLParse_Success.esql to BAR file.

Successfully added file AceTlogProcessorApp\AceTlogDFDLParse_Success.esql to BAR file.

Successfully added file AceTlogProcessorApp\AceTlogParser.esql to BAR file.

Successfully added file AceTlogProcessorApp\AceTlogParser.esql to BAR file.

Successfully added file AceTlogProcessorApp\AceTlogParser.esql to BAR file.

Successfully added file AceTlogProcessorApp\AceTlogParser.esql to BAR file.

Successfully added file AceTlogProcessorApp\AceTlogProcessorEnv.esql to BAR file.

Successfully added file AceTlogProcessorApp\AceTlogProcessorEnv.esql to BAR file.

Successfully added file AceTlogProcessorApp\AceTlogProcessorEnv.esql to BAR file.

Successfully added file AceTlogProcessorApp\AceTlogProcessorEnv.esql to BAR file.

Successfully added file AceTlogProcessorApp\AceTlogProcessorFunctionDef.esql to BAR file.

Successfully added file AceTlogProcessorApp\AceTlogProcessor_Initialize.esql to BAR file.

Successfully added file AceTlogProcessorApp\AceTlogProcessor_Initialize.esql to BAR file.

Successfully added file AceTlogProcessorApp\AceTlogProcessor_Initialize.esql to BAR file.

Successfully added file AceTlogProcessorApp\AceTlogProcessor_Initialize.esql to BAR file.

Successfully added file AceTlogProcessorApp\AceTlogProcessor_Initialize.esql to BAR file.

Successfully added file AceTlogProcessorApp\AceTlogProcessor_Initialize.esql to BAR file.

Successfully added file AceTlogProcessorApp\AceTlogProcessor_Initialize.esql to BAR file.

Successfully added file AceTlogProcessorApp\AceTlogProcessor_LogPublishStatus.esql to BAR file.

Successfully added file AceTlogProcessorApp\AceTlogProcessor_LogPublishStatus.esql to BAR file.

Successfully added file AceTlogProcessorApp\AceTlogProcessor_LogPublishStatus.esql to BAR file.

Successfully added file AceTlogProcessorApp\AceTlogProcessor_LogPublishStatus.esql to BAR file.

Successfully added file AceTlogProcessorApp\AceTlogProcessor_PublishTlogXml.esql to BAR file.

Successfully added file AceTlogProcessorApp\AceTlogProcessor_PublishTlogXml.esql to BAR file.

Successfully added file AceTlogProcessorApp\AceTlogProcessor_PublishTlogXml.esql to BAR file.

Successfully added file AceTlogProcessorApp\AceTlogProcessor_PublishTlogXml.esql to BAR file.

Successfully added file AceTlogProcessorApp\AceTlogProcessor_PublishTlogXml.esql to BAR file.

Successfully added file AceTlogProcessorApp\AceTlogProcessor_PublishTlogXml.esql to BAR file.

Successfully added file AceTlogProcessorApp\AceTlogProcessor_PublishTlogXml.esql to BAR file.

Successfully added file AceTlogProcessorApp\AceTlogProcessor_PublishTlogXml.esql to BAR file.

Successfully added file AceTlogProcessorApp\AceTlogReceiverHttpHandler.subflow to BAR file.

Successfully added file AceTlogProcessorApp\AceTlogReceiverHttpHandler_Failure.esql to BAR file.

Successfully added file AceTlogProcessorApp\AceTlogReceiverHttpHandler_Failure.esql to BAR file.

Successfully added file AceTlogProcessorApp\AceTlogReceiverHttpHandler_Failure.esql to BAR file.

Successfully added file AceTlogProcessorApp\AceTlogReceiverHttpHandler_Failure.esql to BAR file.

Successfully added file AceTlogProcessorApp\AceTlogReceiverHttpHandler_Failure.esql to BAR file.

Successfully added file AceTlogProcessorApp\AceTlogReceiverHttpHandler_Failure.esql to BAR file.

Successfully added file AceTlogProcessorApp\AceTlogReceiverHttpHandler_Failure.esql to BAR file.

Successfully added file AceTlogProcessorApp\AceTlogReceiverHttpHandler_Failure.esql to BAR file.

Successfully added file AceTlogProcessorApp\AceTlogReceiverHttpHandler_Failure.esql to BAR file.

Successfully added file AceTlogProcessorApp\AceTlogReceiverHttpHandler_Initialize.esql to BAR file.

Successfully added file AceTlogProcessorApp\AceTlogReceiverHttpHandler_Initialize.esql to BAR file.

Successfully added file AceTlogProcessorApp\AceTlogReceiverHttpHandler_Initialize.esql to BAR file.

Successfully added file AceTlogProcessorApp\AceTlogReceiverHttpHandler_Initialize.esql to BAR file.

Successfully added file AceTlogProcessorApp\AceTlogReceiverHttpHandler_Initialize.esql to BAR file.

Successfully added file AceTlogProcessorApp\AceTlogReceiverHttpHandler_Initialize.esql to BAR file.

Successfully added file AceTlogProcessorApp\AceTlogReceiverHttpHandler_Initialize.esql to BAR file.

Successfully added file AceTlogProcessorApp\AceTlogReceiverHttpHandler_Initialize.esql to BAR file.

Successfully added file AceTlogProcessorApp\AceTlogReceiverHttpHandler_Initialize.esql to BAR file.

Successfully added file AceTlogProcessorApp\AceTlogReceiver_PublishTlog.esql to BAR file.

Successfully added file AceTlogProcessorApp\AceTlogReceiver_PublishTlog.esql to BAR file.

Successfully added file AceTlogProcessorApp\AceTlogReceiver_PublishTlog.esql to BAR file.

Successfully added file AceTlogProcessorApp\AceTlogReceiver_PublishTlog.esql to BAR file.

Successfully added file AceTlogProcessorApp\AceTlogReceiver_PublishTlog.esql to BAR file.

Successfully added file AceTlogProcessorApp\AceTlogReceiver_PublishTlog.esql to BAR file.

Successfully added file AceTlogProcessorApp\ConvertToTlogXml.subflow to BAR file.

Successfully added file AceTlogProcessorApp\ConvertToTlogXml_FixTransactionRecord01.esql to BAR file.

Successfully added file AceTlogProcessorApp\ConvertToTlogXml_RemoveWrapperElements.esql to BAR file.

Successfully added file AceTlogProcessorApp\ParseTlog.subflow to BAR file.

Successfully added file AceTlogProcessorApp\ParseTlog_ConvertBitFields.esql to BAR file.

Successfully added file AceTlogProcessorApp\ParseTlog_MapToXml.esql to BAR file.

Successfully added file AceTlogProcessorApp\ProcesDFDLTlog.subflow to BAR file.

Successfully added file AceTlogProcessorApp\application.descriptor to BAR file.

Successfully added file AceTlogProcessorApp\application.descriptor to BAR file.

Successfully added file AceTlogProcessorApp\application.descriptor to BAR file.

Successfully added file AceTlogProcessorApp\application.descriptor to BAR file.

Successfully added file AceTlogProcessorAppJava\.classpath to BAR file.
