[10/21/2022 8:33:04 AM] - LogInfo : Total 122 Binary files available in directory 
[10/21/2022 8:33:05 AM] - LogInfo : TLOG_BINARY_10-21-2022.zip file created
[10/21/2022 8:33:05 AM] - LogInfo : eMail sent with attachment TLOG_BINARY_10-21-2022.zip
[10/21/2022 8:33:05 AM] - LogInfo : Binary files deleted from source folder
[10/21/2022 8:33:05 AM] - LogInfo : TLOG_BINARY_10-21-2022.zip File moved to archive folder
[10/21/2022 8:48:56 AM] - LogInfo : Total 122 Binary files available in directory 
[10/21/2022 8:49:09 AM] - LogInfo : TLOG_BINARY_10-21-2022.zip file created
[10/21/2022 8:49:10 AM] - LogInfo : eMail sent with attachment TLOG_BINARY_10-21-2022.zip
[10/21/2022 8:49:10 AM] - LogInfo : Binary files deleted from source folder
[10/21/2022 8:49:10 AM] - LogInfo : TLOG_BINARY_10-21-2022.zip File moved to archive folder
[10/21/2022 8:52:00 AM] - LogInfo : Total 122 Binary files available in directory 
[10/21/2022 8:52:30 AM] - LogInfo : TLOG_BINARY_10-21-2022.zip file created
[10/21/2022 8:52:30 AM] - LogInfo : eMail sent with attachment TLOG_BINARY_10-21-2022.zip
[10/21/2022 8:52:31 AM] - LogInfo : Binary files deleted from source folder
[10/21/2022 8:52:31 AM] - LogInfo : TLOG_BINARY_10-21-2022.zip File moved to archive folder
[10/21/2022 9:33:09 AM] - LogInfo : Total 122 Binary files available in directory 
[10/21/2022 9:33:10 AM] - LogInfo : TLOG_BINARY_10-21-2022.zip file created
[10/21/2022 9:33:12 AM] - LogInfo : eMail sent with attachment TLOG_BINARY_10-21-2022.zip
[10/21/2022 9:33:12 AM] - LogInfo : Binary files deleted from source folder
[10/21/2022 9:33:12 AM] - LogInfo : TLOG_BINARY_10-21-2022.zip File moved to archive folder
[10/21/2022 9:38:18 AM] - LogInfo : Total 122 Binary files available in directory 
[10/21/2022 9:38:19 AM] - LogInfo : TLOG_BINARY_10-21-2022.zip file created
[10/21/2022 9:38:21 AM] - LogInfo : eMail sent with attachment TLOG_BINARY_10-21-2022.zip
[10/21/2022 9:38:21 AM] - LogInfo : Binary files deleted from source folder
[10/21/2022 9:38:21 AM] - LogInfo : TLOG_BINARY_10-21-2022.zip File moved to archive folder
[10/21/2022 11:14:34 AM] - LogInfo : Total 1 Binary files available in directory 
[10/21/2022 11:14:35 AM] - LogInfo : TLOG_BINARY_10-21-2022.zip file created
[10/21/2022 11:19:11 AM] - LogInfo : Total 1 Binary files available in directory 
[10/21/2022 11:19:12 AM] - LogInfo : TLOG_BINARY_10-21-2022.zip file created
[10/21/2022 11:21:10 AM] - LogInfo : Total 1 Binary files available in directory 
[10/21/2022 11:21:11 AM] - LogInfo : TLOG_BINARY_10-21-2022.zip file created
[10/21/2022 11:21:13 AM] - LogInfo : eMail sent with attachment TLOG_BINARY_10-21-2022.zip
[10/21/2022 11:21:13 AM] - LogInfo : Binary files deleted from source folder
[10/21/2022 11:21:13 AM] - LogInfo : TLOG_BINARY_10-21-2022.zip File moved to archive folder
[10/21/2022 11:24:38 AM] - LogInfo : Total 1 Binary files available in directory 
[10/21/2022 11:24:39 AM] - LogInfo : TLOG_BINARY_10-21-2022.zip file created
[10/21/2022 11:24:39 AM] - LogInfo : eMail sent with attachment TLOG_BINARY_10-21-2022.zip
[10/21/2022 11:24:39 AM] - LogInfo : Binary files deleted from source folder
[10/21/2022 11:29:54 AM] - LogInfo : Total 1 Binary files available in directory 
[10/21/2022 11:29:55 AM] - LogInfo : TLOG_BINARY_10-21-2022.zip file created
[10/21/2022 11:46:59 AM] - LogInfo : Total 1 Binary files available in directory 
[10/21/2022 11:47:00 AM] - LogInfo : TLOG_BINARY_10-21-2022.zip file created
[10/21/2022 11:51:43 AM] - LogInfo : Total 1 Binary files available in directory 
[10/21/2022 11:51:44 AM] - LogInfo : TLOG_BINARY_10-21-2022.zip file created
[10/21/2022 11:51:45 AM] - LogInfo : eMail sent with attachment TLOG_BINARY_10-21-2022.zip
[10/21/2022 11:51:45 AM] - LogInfo : Binary files deleted from source folder
[10/21/2022 11:53:52 AM] - LogInfo : Total 1 Binary files available in directory 
[10/21/2022 11:53:53 AM] - LogInfo : TLOG_BINARY_10-21-2022.zip file created
[10/21/2022 12:08:30 PM] - LogInfo : Total 1 Binary files available in directory 
[10/21/2022 12:08:31 PM] - LogInfo : TLOG_BINARY_10-21-2022.zip file created
[10/21/2022 12:08:32 PM] - LogInfo : eMail sent with attachment TLOG_BINARY_10-21-2022.zip
[10/21/2022 12:08:32 PM] - LogInfo : Binary files deleted from source folder
[10/21/2022 2:25:32 PM] - LogInfo : Total 1 Binary files available in directory 
[10/21/2022 2:25:33 PM] - LogInfo : TLOG_BINARY_10-21-2022.zip file created
[10/21/2022 2:25:33 PM] - LogInfo : eMail sent with attachment TLOG_BINARY_10-21-2022.zip
[10/21/2022 2:25:33 PM] - LogInfo : Binary files deleted from source folder
[10/21/2022 2:27:22 PM] - LogInfo : Total 1 Binary files available in directory 
[10/21/2022 2:27:23 PM] - LogInfo : TLOG_BINARY_10-21-2022.zip file created
[10/25/2022 8:52:01 AM] - LogInfo : No Binary files available in source directory 
[10/25/2022 8:52:01 AM] - LogInfo : Total 1 Binary files available in directory 
[10/25/2022 8:52:23 AM] - LogInfo : TLOG_BINARY_10-25-2022.zip file created
[10/25/2022 8:52:24 AM] - LogInfo : eMail sent with attachment TLOG_BINARY_10-25-2022.zip
[10/25/2022 8:52:24 AM] - LogInfo : Binary files deleted from source folder
[10/25/2022 8:52:24 AM] - LogInfo : TLOG_BINARY_10-25-2022.zip File moved to archive folder
[10/26/2022 8:52:01 AM] - LogInfo : No Binary files available in source directory 
[10/26/2022 8:52:01 AM] - LogInfo : No Binary files available in process directory 
[10/27/2022 8:52:02 AM] - LogInfo : No Binary files available in source directory 
[10/27/2022 8:52:02 AM] - LogInfo : No Binary files available in process directory 
[10/27/2022 9:16:37 AM] - LogInfo : Total 1 Binary files available in directory 
[10/27/2022 9:16:38 AM] - LogInfo : TLOG_BINARY_10-27-2022.zip file created
[10/27/2022 9:16:39 AM] - LogInfo : eMail sent with attachment TLOG_BINARY_10-27-2022.zip
[10/27/2022 9:22:56 AM] - LogInfo : No Binary files available in source directory 
[10/27/2022 9:22:56 AM] - LogInfo : Total 1 Binary files available in directory 
[10/27/2022 9:23:10 AM] - LogInfo : TLOG_BINARY_10-27-2022.zip file created
[10/27/2022 9:23:10 AM] - LogInfo : eMail sent with attachment TLOG_BINARY_10-27-2022.zip
[10/27/2022 9:24:42 AM] - LogInfo : No Binary files available in source directory 
[10/27/2022 9:24:42 AM] - LogInfo : Total 1 Binary files available in directory 
[10/27/2022 9:26:12 AM] - LogInfo : Total 1 Binary files available in directory 
[10/29/2022 9:34:01 AM] - LogInfo : Total 1 Binary files available in directory 
[11/1/2022 9:34:01 AM] - LogInfo : No Binary files available in source directory 
[11/1/2022 9:34:01 AM] - LogInfo : Total 1 Binary files available in directory 
[11/4/2022 9:34:02 AM] - LogInfo : No Binary files available in source directory 
[11/4/2022 9:34:02 AM] - LogInfo : Total 1 Binary files available in directory 
[11/8/2022 9:34:01 AM] - LogInfo : No Binary files available in source directory 
[11/8/2022 9:34:01 AM] - LogInfo : Total 1 Binary files available in directory 
[11/9/2022 9:34:02 AM] - LogInfo : No Binary files available in source directory 
[11/9/2022 9:34:02 AM] - LogInfo : Total 1 Binary files available in directory 
[11/13/2022 9:34:02 AM] - LogInfo : No Binary files available in source directory 
[11/13/2022 9:34:02 AM] - LogInfo : Total 1 Binary files available in directory 
[11/15/2022 9:34:01 AM] - LogInfo : No Binary files available in source directory 
[11/15/2022 9:34:01 AM] - LogInfo : Total 1 Binary files available in directory 
[11/17/2022 9:34:01 AM] - LogInfo : No Binary files available in source directory 
[11/17/2022 9:34:01 AM] - LogInfo : Total 1 Binary files available in directory 
[11/18/2022 9:34:01 AM] - LogInfo : No Binary files available in source directory 
[11/18/2022 9:34:01 AM] - LogInfo : Total 1 Binary files available in directory 
[11/22/2022 9:34:01 AM] - LogInfo : No Binary files available in source directory 
[11/22/2022 9:34:01 AM] - LogInfo : Total 1 Binary files available in directory 
[11/23/2022 9:34:01 AM] - LogInfo : No Binary files available in source directory 
[11/23/2022 9:34:01 AM] - LogInfo : Total 1 Binary files available in directory 
